2018-08-30 12:00:02,327 DEBU root Last attempt: 2018-08-30T06:00:01Z
2018-08-30 12:00:02,328 DEBU root Last success: 2018-08-30T06:00:01Z
2018-08-30 12:00:02,328 INFO root Writing last-update file
2018-08-30 12:00:02,329 INFO root Query: 'collection:archivebot oai_updatedate:[2018-08-30T06:00:01Z TO null]'
2018-08-30 12:00:03,879 INFO root Processing item archiveteam_archivebot_go_20171021040001
2018-08-30 12:00:03,880 INFO root Skipping archiveteam_archivebot_go_20171021040001.cdx.idx
2018-08-30 12:00:03,880 INFO root Skipping archiveteam_archivebot_go_20171021040001_archive.torrent
2018-08-30 12:00:03,880 INFO root Skipping archiveteam_archivebot_go_20171021040001_files.xml
2018-08-30 12:00:03,880 INFO root Skipping archiveteam_archivebot_go_20171021040001_meta.sqlite
2018-08-30 12:00:03,880 INFO root Skipping archiveteam_archivebot_go_20171021040001_meta.xml
2018-08-30 12:00:04,767 INFO root Processing item archiveteam_archivebot_go_20171105190001
2018-08-30 12:00:04,768 INFO root Skipping archiveteam_archivebot_go_20171105190001.cdx.idx
2018-08-30 12:00:04,768 INFO root Skipping archiveteam_archivebot_go_20171105190001_archive.torrent
2018-08-30 12:00:04,768 INFO root Skipping archiveteam_archivebot_go_20171105190001_files.xml
2018-08-30 12:00:04,769 INFO root Skipping archiveteam_archivebot_go_20171105190001_meta.sqlite
2018-08-30 12:00:04,769 INFO root Skipping archiveteam_archivebot_go_20171105190001_meta.xml
2018-08-30 12:00:05,520 INFO root Processing item archiveteam_archivebot_go_20180829160002
2018-08-30 12:00:05,520 INFO root Skipping archiveteam_archivebot_go_20180829160002.cdx.idx
2018-08-30 12:00:05,520 INFO root Skipping archiveteam_archivebot_go_20180829160002_archive.torrent
2018-08-30 12:00:05,520 INFO root Skipping archiveteam_archivebot_go_20180829160002_files.xml
2018-08-30 12:00:05,520 INFO root Skipping archiveteam_archivebot_go_20180829160002_meta.sqlite
2018-08-30 12:00:05,520 INFO root Skipping archiveteam_archivebot_go_20180829160002_meta.xml
2018-08-30 12:00:07,014 INFO root Processing item archiveteam_archivebot_go_20180830000001
2018-08-30 12:00:07,019 INFO root Skipping archiveteam_archivebot_go_20180830000001_archive.torrent
2018-08-30 12:00:07,019 INFO root Skipping archiveteam_archivebot_go_20180830000001_files.xml
2018-08-30 12:00:07,020 INFO root Skipping archiveteam_archivebot_go_20180830000001_meta.sqlite
2018-08-30 12:00:07,020 INFO root Skipping archiveteam_archivebot_go_20180830000001_meta.xml
2018-08-30 12:00:10,136 INFO root Processing item archiveteam_archivebot_go_20180830060001
2018-08-30 12:00:10,136 INFO root Skipping archiveteam_archivebot_go_20180830060001_archive.torrent
2018-08-30 12:00:10,136 INFO root Skipping archiveteam_archivebot_go_20180830060001_files.xml
2018-08-30 12:00:10,137 INFO root Skipping archiveteam_archivebot_go_20180830060001_meta.sqlite
2018-08-30 12:00:10,137 INFO root Skipping archiveteam_archivebot_go_20180830060001_meta.xml
2018-08-30 12:00:13,738 INFO root Processing item astrid_archivebot_bookcamping_cc_20171006
2018-08-30 12:00:13,738 INFO root Skipping astrid_archivebot_bookcamping_cc_20171006.cdx.idx
2018-08-30 12:00:13,738 INFO root Skipping astrid_archivebot_bookcamping_cc_20171006_archive.torrent
2018-08-30 12:00:13,738 INFO root Skipping astrid_archivebot_bookcamping_cc_20171006_files.xml
2018-08-30 12:00:13,739 INFO root Skipping astrid_archivebot_bookcamping_cc_20171006_meta.sqlite
2018-08-30 12:00:13,739 INFO root Skipping astrid_archivebot_bookcamping_cc_20171006_meta.xml
2018-08-30 12:00:17,328 INFO root Processing item astrid_archivebot_pdsimage_wr_usgs_gov_20180821
2018-08-30 12:00:17,328 INFO root Skipping astrid_archivebot_pdsimage_wr_usgs_gov_20180821.cdx.idx
2018-08-30 12:00:17,328 INFO root Skipping astrid_archivebot_pdsimage_wr_usgs_gov_20180821_archive.torrent
2018-08-30 12:00:17,328 INFO root Skipping astrid_archivebot_pdsimage_wr_usgs_gov_20180821_files.xml
2018-08-30 12:00:17,328 INFO root Skipping astrid_archivebot_pdsimage_wr_usgs_gov_20180821_meta.sqlite
2018-08-30 12:00:17,329 INFO root Skipping astrid_archivebot_pdsimage_wr_usgs_gov_20180821_meta.xml
2018-08-30 12:00:22,832 INFO root Processing item astrid_archivebot_urls-transfer_sh-nine_com_au_20180726
2018-08-30 12:00:22,836 INFO root Skipping astrid_archivebot_urls-transfer_sh-nine_com_au_20180726.cdx.idx
2018-08-30 12:00:22,836 INFO root Skipping astrid_archivebot_urls-transfer_sh-nine_com_au_20180726_archive.torrent
2018-08-30 12:00:22,836 INFO root Skipping astrid_archivebot_urls-transfer_sh-nine_com_au_20180726_files.xml
2018-08-30 12:00:22,837 INFO root Skipping astrid_archivebot_urls-transfer_sh-nine_com_au_20180726_meta.sqlite
2018-08-30 12:00:22,837 INFO root Skipping astrid_archivebot_urls-transfer_sh-nine_com_au_20180726_meta.xml
2018-08-30 12:00:29,747 INFO root Processing item falconk_archivebot_alternative-right_blogspot_com_20170222
2018-08-30 12:00:29,748 INFO root Skipping falconk_archivebot_alternative-right_blogspot_com_20170222.cdx.idx
2018-08-30 12:00:29,749 INFO root Skipping falconk_archivebot_alternative-right_blogspot_com_20170222_archive.torrent
2018-08-30 12:00:29,749 INFO root Skipping falconk_archivebot_alternative-right_blogspot_com_20170222_files.xml
2018-08-30 12:00:29,749 INFO root Skipping falconk_archivebot_alternative-right_blogspot_com_20170222_meta.sqlite
2018-08-30 12:00:29,749 INFO root Skipping falconk_archivebot_alternative-right_blogspot_com_20170222_meta.xml
2018-08-30 12:00:29,970 INFO root Processing item falconk_archivebot_globalnews_ca_20170628
2018-08-30 12:00:29,971 INFO root Skipping falconk_archivebot_globalnews_ca_20170628.cdx.idx
2018-08-30 12:00:29,971 INFO root Skipping falconk_archivebot_globalnews_ca_20170628_archive.torrent
2018-08-30 12:00:29,972 INFO root Skipping falconk_archivebot_globalnews_ca_20170628_files.xml
2018-08-30 12:00:29,972 INFO root Skipping falconk_archivebot_globalnews_ca_20170628_meta.sqlite
2018-08-30 12:00:29,972 INFO root Skipping falconk_archivebot_globalnews_ca_20170628_meta.xml
2018-08-30 12:00:30,092 INFO root Processing item falconk_archivebot_imgur_com_20170415
2018-08-30 12:00:30,094 INFO root Skipping falconk_archivebot_imgur_com_20170415.cdx.idx
2018-08-30 12:00:30,094 INFO root Skipping falconk_archivebot_imgur_com_20170415_archive.torrent
2018-08-30 12:00:30,094 INFO root Skipping falconk_archivebot_imgur_com_20170415_files.xml
2018-08-30 12:00:30,094 INFO root Skipping falconk_archivebot_imgur_com_20170415_meta.sqlite
2018-08-30 12:00:30,094 INFO root Skipping falconk_archivebot_imgur_com_20170415_meta.xml
2018-08-30 12:00:31,032 INFO root Processing item falconk_archivebot_keskustelu_suomi24_fi_20161205
2018-08-30 12:00:31,033 INFO root Skipping falconk_archivebot_keskustelu_suomi24_fi_20161205.cdx.idx
2018-08-30 12:00:31,033 INFO root Skipping falconk_archivebot_keskustelu_suomi24_fi_20161205_archive.torrent
2018-08-30 12:00:31,033 INFO root Skipping falconk_archivebot_keskustelu_suomi24_fi_20161205_files.xml
2018-08-30 12:00:31,033 INFO root Skipping falconk_archivebot_keskustelu_suomi24_fi_20161205_meta.sqlite
2018-08-30 12:00:31,033 INFO root Skipping falconk_archivebot_keskustelu_suomi24_fi_20161205_meta.xml
2018-08-30 12:00:31,878 INFO root Processing item falconk_archivebot_medium_com_20170115
2018-08-30 12:00:31,879 INFO root Skipping falconk_archivebot_medium_com_20170115.cdx.idx
2018-08-30 12:00:31,879 INFO root Skipping falconk_archivebot_medium_com_20170115_archive.torrent
2018-08-30 12:00:31,879 INFO root Skipping falconk_archivebot_medium_com_20170115_files.xml
2018-08-30 12:00:31,879 INFO root Skipping falconk_archivebot_medium_com_20170115_meta.sqlite
2018-08-30 12:00:31,879 INFO root Skipping falconk_archivebot_medium_com_20170115_meta.xml
2018-08-30 12:00:32,026 INFO root Processing item falconk_archivebot_mega-maker_com_20170724
2018-08-30 12:00:32,026 INFO root Skipping falconk_archivebot_mega-maker_com_20170724.cdx.idx
2018-08-30 12:00:32,026 INFO root Skipping falconk_archivebot_mega-maker_com_20170724_archive.torrent
2018-08-30 12:00:32,027 INFO root Skipping falconk_archivebot_mega-maker_com_20170724_files.xml
2018-08-30 12:00:32,027 INFO root Skipping falconk_archivebot_mega-maker_com_20170724_meta.sqlite
2018-08-30 12:00:32,027 INFO root Skipping falconk_archivebot_mega-maker_com_20170724_meta.xml
2018-08-30 12:00:34,849 INFO root Processing item falconk_archivebot_mubasher_aljazeera_net_20170625
2018-08-30 12:00:34,851 INFO root Skipping falconk_archivebot_mubasher_aljazeera_net_20170625.cdx.idx
2018-08-30 12:00:34,851 INFO root Skipping falconk_archivebot_mubasher_aljazeera_net_20170625_archive.torrent
2018-08-30 12:00:34,851 INFO root Skipping falconk_archivebot_mubasher_aljazeera_net_20170625_files.xml
2018-08-30 12:00:34,851 INFO root Skipping falconk_archivebot_mubasher_aljazeera_net_20170625_meta.sqlite
2018-08-30 12:00:34,851 INFO root Skipping falconk_archivebot_mubasher_aljazeera_net_20170625_meta.xml
2018-08-30 12:00:35,524 INFO root Processing item falconk_archivebot_opensourceecology_org_20161207
2018-08-30 12:00:35,524 INFO root Skipping falconk_archivebot_opensourceecology_org_20161207.cdx.idx
2018-08-30 12:00:35,524 INFO root Skipping falconk_archivebot_opensourceecology_org_20161207_archive.torrent
2018-08-30 12:00:35,525 INFO root Skipping falconk_archivebot_opensourceecology_org_20161207_files.xml
2018-08-30 12:00:35,525 INFO root Skipping falconk_archivebot_opensourceecology_org_20161207_meta.sqlite
2018-08-30 12:00:35,525 INFO root Skipping falconk_archivebot_opensourceecology_org_20161207_meta.xml
2018-08-30 12:00:35,735 INFO root Processing item falconk_archivebot_pepperdatabase_org_20171029
2018-08-30 12:00:35,736 INFO root Skipping falconk_archivebot_pepperdatabase_org_20171029.cdx.idx
2018-08-30 12:00:35,736 INFO root Skipping falconk_archivebot_pepperdatabase_org_20171029_archive.torrent
2018-08-30 12:00:35,736 INFO root Skipping falconk_archivebot_pepperdatabase_org_20171029_files.xml
2018-08-30 12:00:35,736 INFO root Skipping falconk_archivebot_pepperdatabase_org_20171029_meta.sqlite
2018-08-30 12:00:35,736 INFO root Skipping falconk_archivebot_pepperdatabase_org_20171029_meta.xml
2018-08-30 12:00:35,826 INFO root Processing item falconk_archivebot_redserial_com_20170902
2018-08-30 12:00:35,827 INFO root Skipping falconk_archivebot_redserial_com_20170902.cdx.idx
2018-08-30 12:00:35,827 INFO root Skipping falconk_archivebot_redserial_com_20170902_archive.torrent
2018-08-30 12:00:35,827 INFO root Skipping falconk_archivebot_redserial_com_20170902_files.xml
2018-08-30 12:00:35,827 INFO root Skipping falconk_archivebot_redserial_com_20170902_meta.sqlite
2018-08-30 12:00:35,827 INFO root Skipping falconk_archivebot_redserial_com_20170902_meta.xml
2018-08-30 12:00:37,496 INFO root Processing item falconk_archivebot_twitter_com_20170523
2018-08-30 12:00:37,496 INFO root Skipping falconk_archivebot_twitter_com_20170523.cdx.idx
2018-08-30 12:00:37,496 INFO root Skipping falconk_archivebot_twitter_com_20170523_archive.torrent
2018-08-30 12:00:37,496 INFO root Skipping falconk_archivebot_twitter_com_20170523_files.xml
2018-08-30 12:00:37,496 INFO root Skipping falconk_archivebot_twitter_com_20170523_meta.sqlite
2018-08-30 12:00:37,496 INFO root Skipping falconk_archivebot_twitter_com_20170523_meta.xml
Traceback (most recent call last):
  File "/usr/lib/python3/dist-packages/urllib3/connectionpool.py", line 391, in _make_request
    six.raise_from(e, None)
  File "<string>", line 2, in raise_from
  File "/usr/lib/python3/dist-packages/urllib3/connectionpool.py", line 387, in _make_request
    httplib_response = conn.getresponse()
  File "/usr/lib/python3.5/http/client.py", line 1198, in getresponse
    response.begin()
  File "/usr/lib/python3.5/http/client.py", line 297, in begin
    version, status, reason = self._read_status()
  File "/usr/lib/python3.5/http/client.py", line 258, in _read_status
    line = str(self.fp.readline(_MAXLINE + 1), "iso-8859-1")
  File "/usr/lib/python3.5/socket.py", line 576, in readinto
    return self._sock.recv_into(b)
  File "/usr/lib/python3.5/ssl.py", line 937, in recv_into
    return self.read(nbytes, buffer)
  File "/usr/lib/python3.5/ssl.py", line 799, in read
    return self._sslobj.read(len, buffer)
  File "/usr/lib/python3.5/ssl.py", line 583, in read
    v = self._sslobj.read(len, buffer)
socket.timeout: The read operation timed out

During handling of the above exception, another exception occurred:

Traceback (most recent call last):
  File "/usr/lib/python3/dist-packages/urllib3/connectionpool.py", line 594, in urlopen
    chunked=chunked)
  File "/usr/lib/python3/dist-packages/urllib3/connectionpool.py", line 393, in _make_request
    self._raise_timeout(err=e, url=url, timeout_value=read_timeout)
  File "/usr/lib/python3/dist-packages/urllib3/connectionpool.py", line 313, in _raise_timeout
    raise ReadTimeoutError(self, url, "Read timed out. (read timeout=%s)" % timeout_value)
requests.packages.urllib3.exceptions.ReadTimeoutError: HTTPSConnectionPool(host='archive.org', port=443): Read timed out. (read timeout=12)

During handling of the above exception, another exception occurred:

Traceback (most recent call last):
  File "/home/archivebot-archives/.local/lib/python3.5/site-packages/internetarchive/session.py", line 250, in get_metadata
    resp = self.get(url, **request_kwargs)
  File "/usr/lib/python3/dist-packages/requests/sessions.py", line 501, in get
    return self.request('GET', url, **kwargs)
  File "/usr/lib/python3/dist-packages/requests/sessions.py", line 488, in request
    resp = self.send(prep, **send_kwargs)
  File "/home/archivebot-archives/.local/lib/python3.5/site-packages/internetarchive/session.py", line 368, in send
    r = super(ArchiveSession, self).send(request, **kwargs)
  File "/usr/lib/python3/dist-packages/requests/sessions.py", line 609, in send
    r = adapter.send(request, **kwargs)
  File "/usr/lib/python3/dist-packages/requests/adapters.py", line 423, in send
    timeout=timeout
  File "/usr/lib/python3/dist-packages/urllib3/connectionpool.py", line 643, in urlopen
    _stacktrace=sys.exc_info()[2])
  File "/usr/lib/python3/dist-packages/urllib3/util/retry.py", line 315, in increment
    total -= 1
TypeError: unsupported operand type(s) for -=: 'Retry' and 'int'

During handling of the above exception, another exception occurred:

Traceback (most recent call last):
  File "/home/archivebot-archives/archivebot-archives/code/update.py", line 101, in <module>
    for i in internetarchive.search_items(query, request_kwargs = {'timeout': 60}).iter_as_items(): #TODO: add max_retries
  File "/home/archivebot-archives/.local/lib/python3.5/site-packages/internetarchive/search.py", line 204, in __next__
    return self.iterator.__next__()
  File "/home/archivebot-archives/.local/lib/python3.5/site-packages/internetarchive/search.py", line 173, in _get_item_from_search_result
    return self.session.get_item(search_result['identifier'])
  File "/home/archivebot-archives/.local/lib/python3.5/site-packages/internetarchive/session.py", line 227, in get_item
    item_metadata = self.get_metadata(identifier, request_kwargs)
  File "/home/archivebot-archives/.local/lib/python3.5/site-packages/internetarchive/session.py", line 255, in get_metadata
    raise type(exc)(error_msg)
TypeError: Error retrieving metadata from https://archive.org/metadata/falconk_archivebot_whatthefuckjusthappenedtoday_com_20170228, unsupported operand type(s) for -=: 'Retry' and 'int'
